<?xml version="1.0" encoding="UTF-8"?>
<!-- Generated by org.testng.reporters.JUnitXMLReporter -->
<testsuite ignored="0" hostname="DESKTOP-PIBVH9V" failures="0" tests="3" name="Test" time="76.01" errors="0" timestamp="2022-04-25T18:14:19 IST">
  <testcase classname="com.test.irctctestcase.ChildClass" name="openPage" time="3.472"/>
  <testcase classname="com.test.irctctestcase.ChildClass" name="windowHandling" time="54.463"/>
  <testcase classname="com.test.irctctestcase.ChildClass" name="findTrain" time="11.862"/>
</testsuite> <!-- Test -->
