<?xml version="1.0" encoding="UTF-8"?>
<testng-results ignored="0" total="3" passed="3" failed="0" skipped="0">
  <reporter-output>
  </reporter-output>
  <suite started-at="2022-04-25T18:13:03 IST" name="Suite" finished-at="2022-04-25T18:14:19 IST" duration-ms="76010">
    <groups>
    </groups>
    <test started-at="2022-04-25T18:13:03 IST" name="Test" finished-at="2022-04-25T18:14:19 IST" duration-ms="76010">
      <class name="com.test.irctctestcase.ChildClass">
        <test-method is-config="true" signature="setup()[pri:0, instance:com.test.irctctestcase.ChildClass@61001b64]" started-at="2022-04-25T18:13:03 IST" name="setup" finished-at="2022-04-25T18:13:08 IST" duration-ms="5039" status="PASS">
          <reporter-output>
          </reporter-output>
        </test-method> <!-- setup -->
        <test-method signature="openPage()[pri:1, instance:com.test.irctctestcase.ChildClass@61001b64]" started-at="2022-04-25T18:13:08 IST" name="openPage" finished-at="2022-04-25T18:13:12 IST" duration-ms="3472" status="PASS">
          <reporter-output>
          </reporter-output>
        </test-method> <!-- openPage -->
        <test-method signature="windowHandling()[pri:2, instance:com.test.irctctestcase.ChildClass@61001b64]" started-at="2022-04-25T18:13:12 IST" name="windowHandling" finished-at="2022-04-25T18:14:06 IST" duration-ms="54463" status="PASS">
          <reporter-output>
          </reporter-output>
        </test-method> <!-- windowHandling -->
        <test-method signature="findTrain()[pri:3, instance:com.test.irctctestcase.ChildClass@61001b64]" started-at="2022-04-25T18:14:06 IST" name="findTrain" finished-at="2022-04-25T18:14:18 IST" duration-ms="11862" status="PASS">
          <reporter-output>
          </reporter-output>
        </test-method> <!-- findTrain -->
        <test-method is-config="true" signature="close()[pri:0, instance:com.test.irctctestcase.ChildClass@61001b64]" started-at="2022-04-25T18:14:18 IST" name="close" finished-at="2022-04-25T18:14:19 IST" duration-ms="1073" status="PASS">
          <reporter-output>
          </reporter-output>
        </test-method> <!-- close -->
      </class> <!-- com.test.irctctestcase.ChildClass -->
    </test> <!-- Test -->
  </suite> <!-- Suite -->
</testng-results>
